10:10:54 [Skill] INFO  Skill:138 - Connecting to Furhat server on 0.0.0.0:1932
10:12:45 [Skill] ERROR EventSystem:182 - Timed out while waiting for class furhatos.event.responses.ResponseWebServerPort
java.util.concurrent.TimeoutException
	at java.util.concurrent.CompletableFuture.timedGet(CompletableFuture.java:1784)
	at java.util.concurrent.CompletableFuture.get(CompletableFuture.java:1928)
	at furhatos.event.EventSystem.sendAndWait(EventSystem.java:179)
	at furhatos.event.EventSystem.sendAndWait(EventSystem.java:169)
	at furhatos.skills.Skill.requestFurhatWebPort(Skill.java:241)
	at furhatos.skills.Skill.startSkill(Skill.java:218)
	at furhatos.skills.Skill.main(Skill.java:94)
	at furhatos.app.swedishteacher.MainKt.main(main.kt:14)
10:12:45 [Skill] ERROR Skill:223 - java.util.concurrent.TimeoutException
10:12:45 [Skill] WARN  Skill:224 - Unable to get real furhatWebPort, using default of 80
10:12:45 [SwedishteacherSkill] INFO  SwedishteacherSkill:165 - Starting skill
10:12:46 [SwedishteacherSkill] ERROR EventSystem:182 - Timed out while waiting for class furhatos.event.responses.ResponseFaceEngine
java.util.concurrent.TimeoutException
	at java.util.concurrent.CompletableFuture.timedGet(CompletableFuture.java:1784)
	at java.util.concurrent.CompletableFuture.get(CompletableFuture.java:1928)
	at furhatos.event.EventSystem.sendAndWait(EventSystem.java:179)
	at furhatos.event.EventSystem.sendAndWait(EventSystem.java:169)
	at furhatos.skills.FurhatFace.activeFaceEngine(FurhatFace.kt:244)
	at furhatos.skills.FurhatFace.<init>(FurhatFace.kt:36)
	at furhatos.skills.FurhatFace.<init>(FurhatFace.kt:27)
	at furhatos.skills.FurhatFace.<init>(FurhatFace.kt)
	at furhatos.skills.FurhatEventWrapper.<clinit>(FurhatEventWrapper.java:37)
	at furhatos.autobehavior.AutoBehaviorKt.setDefaultMicroexpression(AutoBehavior.kt:54)
	at furhatos.skills.Skill.startAutoBehavior(Skill.java:176)
	at furhatos.skills.Skill.initializeSkill(Skill.java:167)
	at furhatos.skills.Skill.lambda$startSkill$2(Skill.java:226)
	at java.lang.Thread.run(Thread.java:748)
10:12:46 [SwedishteacherSkill] WARN  FurhatFace:252 - Exception while waiting for FaceEngine
10:12:48 [SwedishteacherSkill] ERROR EventSystem:182 - Timed out while waiting for class furhatos.event.responses.ResponseFace
java.util.concurrent.TimeoutException
	at java.util.concurrent.CompletableFuture.timedGet(CompletableFuture.java:1784)
	at java.util.concurrent.CompletableFuture.get(CompletableFuture.java:1928)
	at furhatos.event.EventSystem.sendAndWait(EventSystem.java:179)
	at furhatos.skills.FurhatFace.requestCharactersAndMasks$furhat_commons(FurhatFace.kt:169)
	at furhatos.skills.FurhatFace.<init>(FurhatFace.kt:37)
	at furhatos.skills.FurhatFace.<init>(FurhatFace.kt:27)
	at furhatos.skills.FurhatFace.<init>(FurhatFace.kt)
	at furhatos.skills.FurhatEventWrapper.<clinit>(FurhatEventWrapper.java:37)
	at furhatos.autobehavior.AutoBehaviorKt.setDefaultMicroexpression(AutoBehavior.kt:54)
	at furhatos.skills.Skill.startAutoBehavior(Skill.java:176)
	at furhatos.skills.Skill.initializeSkill(Skill.java:167)
	at furhatos.skills.Skill.lambda$startSkill$2(Skill.java:226)
	at java.lang.Thread.run(Thread.java:748)
10:12:48 [SwedishteacherSkill] WARN  FurhatFace:179 - Characters and masks not retrieved in the allocated time of 3000ms
10:12:48 [SwedishteacherSkill] ERROR EventSystem:134 - Problem subscribing to broker
java.net.SocketException: Broken pipe (Write failed)
	at java.net.SocketOutputStream.socketWrite0(Native Method)
	at java.net.SocketOutputStream.socketWrite(SocketOutputStream.java:111)
	at java.net.SocketOutputStream.write(SocketOutputStream.java:134)
	at java.io.DataOutputStream.writeBytes(DataOutputStream.java:276)
	at furhatos.event.BrokerClient.sendToServer(BrokerClient.java:207)
	at furhatos.event.BrokerClient.sendToServer(BrokerClient.java:200)
	at furhatos.event.BrokerClient.subscribe(BrokerClient.java:177)
	at furhatos.event.EventSystem.updateSubscriptions(EventSystem.java:132)
	at furhatos.event.EventSystem.addEventListener(EventSystem.java:57)
	at furhatos.skills.FurhatEventWrapper$FurhatEventListener.<init>(FurhatEventWrapper.java:171)
	at furhatos.skills.FurhatEventWrapper.<init>(FurhatEventWrapper.java:163)
	at furhatos.skills.FurhatAPI.<init>(FurhatAPI.java:41)
	at furhatos.skills.FurhatAPI.<clinit>(FurhatAPI.java:37)
	at furhatos.autobehavior.AutoBehaviorKt.setDefaultMicroexpression(AutoBehavior.kt:54)
	at furhatos.skills.Skill.startAutoBehavior(Skill.java:176)
	at furhatos.skills.Skill.initializeSkill(Skill.java:167)
	at furhatos.skills.Skill.lambda$startSkill$2(Skill.java:226)
	at java.lang.Thread.run(Thread.java:748)
10:12:48 [Thread-Facial Reactions] ERROR EventSystem:134 - Problem subscribing to broker
java.net.SocketException: Broken pipe (Write failed)
	at java.net.SocketOutputStream.socketWrite0(Native Method)
	at java.net.SocketOutputStream.socketWrite(SocketOutputStream.java:111)
	at java.net.SocketOutputStream.write(SocketOutputStream.java:134)
	at java.io.DataOutputStream.writeBytes(DataOutputStream.java:276)
	at furhatos.event.BrokerClient.sendToServer(BrokerClient.java:207)
	at furhatos.event.BrokerClient.sendToServer(BrokerClient.java:200)
	at furhatos.event.BrokerClient.subscribe(BrokerClient.java:177)
	at furhatos.event.EventSystem.updateSubscriptions(EventSystem.java:132)
	at furhatos.event.EventSystem.addEventListener(EventSystem.java:57)
	at furhatos.flow.kotlin.Flow.addToEventListeners(Flow.kt:121)
	at furhatos.flow.kotlin.Flow.run(Flow.kt:109)
	at furhatos.flow.kotlin.Flow$runAsync$thread$1.run(Flow.kt:137)
	at java.lang.Thread.run(Thread.java:748)
10:12:48 [Thread-Attention] ERROR EventSystem:134 - Problem subscribing to broker
java.net.SocketException: Broken pipe (Write failed)
	at java.net.SocketOutputStream.socketWrite0(Native Method)
	at java.net.SocketOutputStream.socketWrite(SocketOutputStream.java:111)
	at java.net.SocketOutputStream.write(SocketOutputStream.java:134)
	at java.io.DataOutputStream.writeBytes(DataOutputStream.java:276)
	at furhatos.event.BrokerClient.sendToServer(BrokerClient.java:207)
	at furhatos.event.BrokerClient.sendToServer(BrokerClient.java:200)
	at furhatos.event.BrokerClient.subscribe(BrokerClient.java:177)
	at furhatos.event.EventSystem.updateSubscriptions(EventSystem.java:132)
	at furhatos.event.EventSystem.addEventListener(EventSystem.java:57)
	at furhatos.flow.kotlin.Flow.addToEventListeners(Flow.kt:121)
	at furhatos.flow.kotlin.Flow.run(Flow.kt:109)
	at furhatos.flow.kotlin.Flow$runAsync$thread$1.run(Flow.kt:137)
	at java.lang.Thread.run(Thread.java:748)
10:12:48 [SwedishteacherSkill] ERROR EventSystem:134 - Problem subscribing to broker
java.net.SocketException: Broken pipe (Write failed)
	at java.net.SocketOutputStream.socketWrite0(Native Method)
	at java.net.SocketOutputStream.socketWrite(SocketOutputStream.java:111)
	at java.net.SocketOutputStream.write(SocketOutputStream.java:134)
	at java.io.DataOutputStream.writeBytes(DataOutputStream.java:276)
	at furhatos.event.BrokerClient.sendToServer(BrokerClient.java:207)
	at furhatos.event.BrokerClient.sendToServer(BrokerClient.java:200)
	at furhatos.event.BrokerClient.subscribe(BrokerClient.java:177)
	at furhatos.event.EventSystem.updateSubscriptions(EventSystem.java:132)
	at furhatos.event.EventSystem.addEventListener(EventSystem.java:57)
	at furhatos.flow.kotlin.Flow.addToEventListeners(Flow.kt:121)
	at furhatos.flow.kotlin.Flow.run(Flow.kt:109)
	at furhatos.app.swedishteacher.SwedishteacherSkill.start(main.kt:9)
	at furhatos.skills.Skill.initializeSkill(Skill.java:168)
	at furhatos.skills.Skill.lambda$startSkill$2(Skill.java:226)
	at java.lang.Thread.run(Thread.java:748)
10:12:48 [SwedishteacherSkill] ERROR InitRunner: 28 - java.lang.NullPointerException
10:12:48 [ErrorLoggingThread] ERROR SwedishteacherSkill:458 - java.lang.NullPointerException
	at furhatos.skills.FurhatSpeech.getVoices(FurhatSpeech.java:294)
	at furhatos.skills.FurhatEventWrapper.getVoices(FurhatEventWrapper.java:33)
	at furhatos.skills.FurhatSpeech.getVoice(FurhatSpeech.java:303)
	at furhatos.skills.FurhatEventWrapper.getVoice(FurhatEventWrapper.java:33)
	at furhatos.skills.FurhatSpeech.setVoiceAndInputLanguage(FurhatSpeech.java:283)
	at furhatos.skills.FurhatEventWrapper.setVoiceAndInputLanguage(FurhatEventWrapper.java:33)
	at furhatos.flow.kotlin.Furhat.setVoice(Furhat.kt:909)
	at furhatos.flow.kotlin.Furhat.internalSetVoice(Furhat.kt:930)
	at furhatos.flow.kotlin.Furhat.setVoice(Furhat.kt:945)
	at furhatos.flow.kotlin.Furhat.setVoice$default(Furhat.kt:943)
	at furhatos.app.swedishteacher.flow.GeneralKt$Idle$1$1.invoke(general.kt:11)
	at furhatos.app.swedishteacher.flow.GeneralKt$Idle$1$1.invoke(general.kt)
	at furhatos.flow.kotlin.InitRunner.run(InitRunner.kt:25)
	at furhatos.flow.kotlin.StateRunner.runInitTrigger(StateRunner.kt:215)
	at furhatos.flow.kotlin.StateRunner.run(StateRunner.kt:64)
	at furhatos.flow.kotlin.Flow.tailRecRun(Flow.kt:147)
	at furhatos.flow.kotlin.Flow.run(Flow.kt:111)
	at furhatos.app.swedishteacher.SwedishteacherSkill.start(main.kt:9)
	at furhatos.skills.Skill.initializeSkill(Skill.java:168)
	at furhatos.skills.Skill.lambda$startSkill$2(Skill.java:226)
	at java.lang.Thread.run(Thread.java:748)

