11:59:13 [Skill] INFO  Skill:138 - Connecting to Furhat server on 0.0.0.0:1932
11:59:13 [SwedishteacherSkill] INFO  SwedishteacherSkill:165 - Starting skill
11:59:13 [EventSystem] WARN  FurhatSpeech:136 - Cannot find voice Joey (en-US) - Amazon Polly
11:59:13 [SwedishteacherSkill] WARN  FurhatSpeech:285 - Could not find voice: ? (en-US) - Unknown
11:59:50 [SwedishteacherSkill] ERROR TriggerRunner: 33 - Error
java.lang.NullPointerException
	at furhatos.flow.kotlin.voice.Voice.emphasis$default(Voice.kt:86)
	at furhatos.app.swedishteacher.flow.InteractionKt$AskQuestion$1$3$2.invoke(interaction.kt:129)
	at furhatos.app.swedishteacher.flow.InteractionKt$AskQuestion$1$3$2.invoke(interaction.kt)
	at furhatos.flow.kotlin.Runner.random(Runner.kt:106)
	at furhatos.flow.kotlin.Runner.random$default(Runner.kt:101)
	at furhatos.app.swedishteacher.flow.InteractionKt$AskQuestion$1$3.invoke(interaction.kt:127)
	at furhatos.app.swedishteacher.flow.InteractionKt$AskQuestion$1$3.invoke(interaction.kt)
	at furhatos.flow.kotlin.TriggerRunner.run(TriggerRunner.kt:31)
	at furhatos.flow.kotlin.Runner.runTrigger(Runner.kt:225)
	at furhatos.flow.kotlin.Runner.runTrigger$default(Runner.kt:197)
	at furhatos.flow.kotlin.StateRunner.run(StateRunner.kt:57)
	at furhatos.flow.kotlin.Flow.tailRecRun(Flow.kt:147)
	at furhatos.flow.kotlin.Flow.run(Flow.kt:111)
	at furhatos.app.swedishteacher.SwedishteacherSkill.start(main.kt:9)
	at furhatos.skills.Skill.initializeSkill(Skill.java:168)
	at furhatos.skills.Skill.lambda$startSkill$2(Skill.java:226)
	at java.lang.Thread.run(Thread.java:748)
