09:59:44 [Skill] INFO  Skill:138 - Connecting to Furhat server on 172.16.63.125:1932
09:59:44 [SwedishteacherSkill] INFO  SwedishteacherSkill:165 - Starting skill
10:00:14 [SwedishteacherSkill] ERROR StateRunner:186 - java.io.FileNotFoundException: predicted_emotion.txt (Impossibile trovare il file specificato)
10:00:14 [ErrorLoggingThread] ERROR SwedishteacherSkill:458 - java.io.FileNotFoundException: predicted_emotion.txt (Impossibile trovare il file specificato)
	at java.io.FileInputStream.open0(Native Method)
	at java.io.FileInputStream.open(FileInputStream.java:195)
	at java.io.FileInputStream.<init>(FileInputStream.java:138)
	at kotlin.io.FilesKt__FileReadWriteKt.forEachLine(FileReadWrite.kt:190)
	at kotlin.io.FilesKt__FileReadWriteKt.readLines(FileReadWrite.kt:219)
	at kotlin.io.FilesKt__FileReadWriteKt.readLines$default(FileReadWrite.kt:217)
	at furhatos.app.swedishteacher.flow.InteractionKt.readFileAsLinesUsingReadLines(interaction.kt:253)
	at furhatos.app.swedishteacher.flow.InteractionKt$RequestName$1$1.invoke(interaction.kt:214)
	at furhatos.app.swedishteacher.flow.InteractionKt$RequestName$1$1.invoke(interaction.kt)
	at furhatos.flow.kotlin.StateRunner.runEntryTrigger(StateRunner.kt:180)
	at furhatos.flow.kotlin.StateRunner.run(StateRunner.kt:65)
	at furhatos.flow.kotlin.Flow.tailRecRun(Flow.kt:147)
	at furhatos.flow.kotlin.Flow.run(Flow.kt:111)
	at furhatos.app.swedishteacher.SwedishteacherSkill.start(main.kt:9)
	at furhatos.skills.Skill.initializeSkill(Skill.java:168)
	at furhatos.skills.Skill.lambda$startSkill$2(Skill.java:226)
	at java.lang.Thread.run(Thread.java:748)

10:00:46 [EventSystem] INFO  SwedishteacherSkill:183 - Terminating skill
